[    0.000000] Linux version 4.15.0-42-generic (buildd@lgw01-amd64-023) (gcc version 7.3.0 (Ubuntu 7.3.0-16ubuntu3)) #45-Ubuntu SMP Thu Nov 15 19:32:57 UTC 2018 (Ubuntu 4.15.0-42.45-generic 4.15.18)
[    0.000000] Command line: BOOT_IMAGE=/boot/vmlinuz-4.15.0-42-generic root=UUID=0092e392-26dd-488a-9c8b-87b8c8ab0147 ro consle=tty1 console=ttyS0
[    0.000000] KERNEL supporte cpus:
[    0.000000]   Intl GenuineIntel
[    0.000000]   AMD AuthenticAMD
[    0.000000]   Centaur CentaurHauls
    0.0000000] x86/fpu: Supporting XSAVE feture 0x001: 'x7 floating point registers'
[    0.000000] x86/fpu: Supporting XSAVE feature 0x002: 'SSE registers'
[    0.000000] x86/fpu: Supporting XSAVE feature 0x004:AVVX registers'
[    0.000000] x86/fpu: xstate_offset[2]:  576, xstate_sizes[2]:  256
[    0.000000] x86/fpu: Enabled xstate features 0x7, context size is 832ytes, using 'standard' format.
[    0.000000] e820: BIOS-provided physical RAM map:
[    0.000000] BIOS-e820 [mem 0x0000000000000000-0x000000000009fbff] usable
[    0.000000] BIOS-e820: [mem 0x000000000009fc00-0x000000000009ffff] reserved
[    0.000000] BIOS-e820: [mem 0x00000000000f0000-0x00000000000fffff] reserved
[    0.000000] BIOS-e820: [mem 0x0000000000100000-0x00000000dffeffff] usable
[    0.000000] BIOS-e820: [mem 0x00000000dfff0000-0x00000000dfffffff] ACPI data
[    0.000000] BIOS-e820: [mem 0x00000000fec00000-0x00000000fec00fff] reserved
[    0.000000] BIOS-e820: [mem 0x00000000fee00000-0x00000000fee00fff] reserved
[    0.000000] BIOS-e820: [mem 0x00000000fffc0000-0x0000000ffffffff] reserved
[    0.000000] BIOS-e820: [mem 0x0000000100000000-0x000000019ffffff] usable
[    0.000000] NX (Execute Disable) protection: active
[    0.000000] SMBIOS 2.5 present.
[    0.000000] DMI: innotek GmbH VirtualBox/VirtualBox, BIOS VirtualBox 12/01/2006
[    0.000000] Hypervisor detected: KVM
[    0.00000] e20: last_pfn = 0x1a0000 max_arch_pfn = 0x400000000
[    0.000000] MTRR: Disabled
[    0.000000] x86/PAT: MTRRs disabled, skipping PAT inialization too.
[    0.000000] CPU MTRRs all blank - virtualized system.
[    0.000000] x86/PAT: Configuration [0-7]: WB  WT  UC- UC  WB  WT  UC- UC  
[    0.000000] e820: last_pfn = 0xdff0 mx_arch_pfn = 0x400000000
[    0.000000] found SMP MP-table at [mem 0x0009ff0-0x0009ffff] mapped at [        (ptrval)]
[    0.000000] Scanning 1 areas forlow memor corruption
[    0.000000] RAMDISK: [mem 0x35163000-0x368a8fff]
[    0.000000] ACPI: Early table hecksum verification disabled
[    0.000000] ACPI:RSDP 0x0000000000E0000 000024 (v02 VBOX  )
[    0.000000] ACPI: XSDT 0x00000000DFFF0030 000C (v01 VBOX   VBOXXSDT 00000001 ASL  00000061)
[    0.000000] PI: FACP 0x00000000DFFF00F0 0000F4 (v04 VBOX   VBOXFACP 00000001 ASL  00000061)
[    0.000000] ACPI: DSDT 0x00000000DFFF0480 0021FF (v02 VOX   VBOXBIOS 00000002 INTL 20100528)
[    0.00000] ACPI: FACS 0x00000000DFFF0200 000040
[    0.000000] ACPI: FACS 0x00000000DFFF0200 000040
[    0.000000] ACP: APIC 0x00000000DFFF0240 000064 (v02 VBOX   VBOXAPIC 00000001 ASL  00000061)
[    0.000000] ACPI: SSDT 0x00000000DFFF02B0 0001CC (v01 VBOX   VBOXCPUT 00000002 INTL 20100528)
[    0.000000] No NUMA configuration found
[    0.000000] Faking a node at [mem 0x0000000000000000-0x000000019fffffff]
[   0.000000] NODE_DATA(0) allocated [mem 0x9ffd3000-0x19fffdfff]
[    0.000000] kvm-clock: cpu 0, msr 1:9ff52001, primary cpu clock
[    0.000000] kvm-clock: Using msr 4b564d01 and 4b564d00
[    0.000000] kvm-clock: using sched offset of 5374544447 cycles
[    .000000] clocksource: kvm-clock: mask: 0xffffffffffffffff max_cycles: 0x1cd42e4dffb, max_idle_ns: 88159051483 ns
[   0.000000] Zone ranges:
[    0.000000]   DMA      [mem 0x0000000000001000-0x0000000000ffffff]
[    0.000000]   DMA32    [mem 0x0000000001000000-0x00000000ffffffff]
[    0.000000]   Nomal   [mem 0x0000000100000000-0x000000019fffffff]
[    0.000000]   Device   empty
[    0.000000] Movable zone start for each node
[    0.000000] Early memory node ranges
[    0.000000]   node   0: [mem 0x000000000001000-0x000000000009efff]
[   0.000000]   node   0: [mem x0000000000100000-0x00000000dffeffff]
[    0.00000]   node   0: [mem 0x0000000100000000-0x000000019fffff]
[    0.000000] Initmem setup node 0 [mem 0x0000000000001000-0x000000019fffffff]
[    0.000000] Reserved but unavailable: 9 pges
[    0.000000] ACPI: PM-Timer IO Port: 0x4008
[    0.000000] IOAPIC[0]: apic_id 3, version 32, address 0xfec00000, GSI 0-23
[    0.000000] ACPI: INT_SRC_OVR (bus 0 bus_irq 0 global_irq 2 dfl dfl)
[    0.000000] ACPI: INT_SRC_OVR (bus 0 bus_irq 9 global_irq 9 low level)
[    0.000000] Using ACPI (MADT) for SMP configuration information
[    0.000000] smpboot: Allowing 3 CPUs, 0 hotplug CPUs
[    0.000000] PM: Registered nosave memory: [mem 0x00000000-0x00000fff]
[    0.000000] PM: Registered nosave memory: [mem 0x0009f000-0x0009ffff]
[    0.000000] PM: Registered nosave memory: [mem 0x000a0000-0x000effff]
[    0.00000] PM: Registered nosave memory: [mem 0x000f0000-0x000fffff]
[    0.000000] PM: Registered nosave memory: [mem 0xdfff0000-0xdfffffff]
[    0.000000] PM: Registered nosave memory: [mem 0xe0000000-0xfebfffff]
[    0.000000] PM: Registered nosave memory: [mem 0xfec00000-0xfec00fff]
[    0.000000] PM: Registered nosave memory: [mem 0xfec01000-0xfedfffff]
[    0.000000] M: Registered nosave memory: [mem 0xfee00000-0xfee00fff]
[    0.000000] PM: Registered nosave memory: [mem 0xfee01000-0xfffbffff]
[    0.000000] PM: Registered nosave memory: [mem 0xfffc0000-0xffffffff]
[    0.000000] e820: [mem 0xe0000000-0xfeffff] available for PCI devices
[    0.000000] Booting paravirtualized kernel on KVM
[    0.000000] clocksource: refined-jiffies: msk 0xffffffff max_cycles: 0xffffffff, max_idle_ns: 7645519600211568 ns
[    0.000000] random: get_random_bytes called from start_kernel+0x99/0x4fd with crng_init=0
[    0.000000] setup_percpu: NR_CPUS:8192 nr_cpumask_bits:3 nr_cpu_ids:3 nr_node_ids:1
[    0.000000] percpu: Embedded 46 pages/cpu @        (ptrval) s151552 r8192 d28672 u524288
[    0.000000 PV qspinlok hash table entries: 256 (order: 0, 4096 bytes)
[    0.000000] Built 1 zonelists, mobility grouping on.  Total pages:1554813
[   0.000000] Policy zone: Normal
[    0.000000] Kernel command line: BOOT_IMAGE=/boot/vmlinuz-4.15.0-42-generirooot=UUID=0092e392-26dd-488a-9c8b-87b8c8ab0147 o console=tty1 console=ttyS0
[    0.000000] Meemory: 6073568K/6291000Kavailable (12300K kernel code, 2472K rwdata, 4252K rodata, 2408K init, 2416K bss, 217432K reserved, 0K cma-reserved)
[    0.000000] SLUB: HWalign=64, Order=0-3, Minbjecs=0, CPUs=3, Nodes=1
[    0.000000] Kernel/Userpage tables isolaion: enabled
[    0.000000] ftce: allocating 39186 entries in 154 pages
[    0.004000] Hierarchical RCU implementation.[    0.004000] 	RCU restricting CPUs from NR_CPUS=8192 to r_cpu_ids=3.
[    0.004000] 	Tasks RCU enabled.
[    0.004000] RCU: Adjusting geometry for rcu_fanout_leaf=16, nr_cpu_ids=3
[    0.004000] NR_IRQS: 524544, nr_irqs: 448, preallocated irqs: 16
[    0.004000] Console: colour VGA+ 80x25
[    0.004000] console [tty1] enabled
[    0.004000] console [ttyS0]enabled
[    0.004000] ACPI: Core revision 20170831
[    0.004000] ACPI: 2 ACPI AML tables successfully acquired and loaded
[    0.004000] APIC: Switch to symmetric I/O mode setup
[    0.004000] x2apic enabled
[    0.004000] Switched APIC routing to physical x2apic.
[    0.005324] ..TIMER: vector=0x30 apic1=0 pin1=2 apic2=-1 pin2=-1
[    0.008007] tsc: Detected 2999.998 MHz processor
[    0.012012] Calibrating delay loop (skipped) preset value.. 5999.99 BogoMIPS (lpj=11999992)
[    0.016007] pid_max: default: 32768 minimum: 301
[    0.020061] Security Framework initialized
[    0.021830] Yama: becoming mindful.
[    0.024037] AppArmor: AppArmor initialized
[    0.034358] Dentry cache hash table entries: 1048576 (order: 11, 8388608 bytes)
[    0.040569] Inode-cache hash table entries: 524288 (order: 10, 4194304 bytes)
[    0.044048] Mount-cache hash table entries: 16384 (order: 5, 131072 bytes)
[    0.048027] Mountpoint-cache hash table entries: 16384 (order: 5, 131072 bytes)
[    0.052217] mce: CPU supports 0 MCE banks
[    0.056026] Last level iTLB entries: 4KB 1024, 2MB 1024, 4MB 1024
[    0.060007] Last level dTLB entries: 4KB 1024, 2MB 1024, 4MB 1024, 1GB 4
[    0.064003] Spectre V2 : Mitigation: Full generic retpoline
[    0.068004] Spectre V2 : Spectre v2 / SpectreRSB mitigation: Filling RSB on context switch
[    0.070588] Speculative Store Bypass: Vulnerable
[    0.072328] Freeing SMP alternatives memory: 36K
[    0.080000] smpboot: CPU0: Intel(R) Core(TM) i7-4578U CPU @ 3.00GHz (family: 0x6, model: 0x45, stepping: 0x1)
[    0.080000] Performance Events: unsupported p6 CPU model 69 no PMU driver, software events only.
[    0.080069] Hierarchical SRCU implementation.
[    0.085706] NMI watchdog: Perf event create on CPU 0 failed with -2
[    0.088007] NMI watchdog: Perf NMI watchdog permanently disabled
[    0.096079] smp: Bringing up secondary CPUs ...
[    0.100095] x86: Booting SMP configuration:
[    0.101342] .... node  #0, CPUs:      #1
[    0.004000] kvm-clock: cpu 1, msr 1:9ff52041, secondary cpu clock
[    0.004000] mce: CPU supports 0 MCE banks
[    0.116084]  #2
[    0.004000] kvm-clock: cpu 2, msr 1:9ff52081, secondary cpu clock
[    0.004000] mce: CPU supports 0 MCE banks
[    0.124022] smp: Brought up 1 node, 3 CPUs
[    0.128008] smpboot: Max logical packages: 1
[    0.132006] smpboot: Total of 3 processors activated (17999.98 BogoMIPS)
[    0.136407] devtmpfs: initialized
[    0.140085] x86/mm: Memory block size: 128MB
[    0.144489] evm: security.selinux
[    0.145501] evm: security.SMACK64
[    0.148005] evm: security.SMACK64EXEC
[    0.150504] evm: security.SMACK64TRANSMUTE
[    0.152004] evm: security.SMACK64MMAP
[    0.153314] evm: security.apparmor
[    0.154448] evm: security.ima
[    0.156005] evm: security.capability
[    0.157458] clocksource: jiffies: mask: 0xffffffff max_cycles: 0xffffffff, max_idle_ns: 7645041785100000 ns
[    0.160018] futex hash table entries: 1024 (order: 4, 65536 bytes)
[    0.164100] pinctrl core: initialized pinctrl subsystem
[    0.168063] RTC time:  0:45:57, date: 12/21/18
[    0.171603] NET: Registered protocol family 16
[    0.172160] audit: initializing netlink subsys (disabled)
[    0.173649] audit: type=2000 audit(1545353161.777:1): state=initialized audit_enabled=0 res=1
[    0.184011] cpuidle: using governor ladder
[    0.188010] cpuidle: using governor menu
[    0.190962] ACPI: bus type PCI registered
[    0.192005] acpiphp: ACPI Hot Plug PCI Controller Driver version: 0.5
[    0.196127] PCI: Using configuration type 1 for base access
[    0.204094] HugeTLB registered 2.00 MiB page size, pre-allocated 0 pages
[    0.212055] ACPI: Added _OSI(Module Device)
[    0.216014] ACPI: Added _OSI(Processor Device)
[    0.220010] ACPI: Added _OSI(3.0 _SCP Extensions)
[    0.223358] ACPI: Added _OSI(Processor Aggregator Device)
[    0.224009] ACPI: Added _OSI(Linux-Dell-Video)
[    0.228008] ACPI: Added _OSI(Linux-Lenovo-NV-HDMI-Audio)
[    0.232384] ACPI: Executed 1 blocks of module-level executable AML code
[    0.239338] ACPI: Interpreter enabled
[    0.240015] ACPI: (supports S0 S5)
[    0.244005] ACPI: Using IOAPIC for interrupt routing
[    0.248003] PCI: Using host bridge windows from ACPI; if necessary, use "pci=nocrs" and report a bug
[    0.252220] ACPI: Enabled 2 GPEs in block 00 to 07
[    0.265000] ACPI: PCI Root Bridge [PCI0] (domain 0000 [bus 00-ff])
[    0.268102] acpi PNP0A03:00: _OSC: OS supports [ASPM ClockPM Segments MSI]
[    0.272058] acpi PNP0A03:00: _OSC: not requesting OS control; OS requires [ExtendedConfig ASPM ClockPM MSI]
[    0.276027] acpi PNP0A03:00: fail to add MMCONFIG information, can't access extended PCI configuration space under this bridge.
[    0.280527] PCI host bridge to bus 0000:00
[    0.284006] pci_bus 0000:00: root bus resource [io  0x0000-0x0cf7 window]
[    0.288006] pci_bus 0000:00: root bus resource [io  0x0d00-0xffff window]
[    0.292011] pci_bus 0000:00: root bus resource [mem 0x000a0000-0x000bffff window]
[    0.296007] pci_bus 0000:00: root bus resource [mem 0xe0000000-0xfdffffff window]
[    0.300012] pci_bus 0000:00: root bus resource [bus 00-ff]
[    0.308003] pci 0000:00:01.1: legacy IDE quirk: reg 0x10: [io  0x01f0-0x01f7]
[    0.312049] pci 0000:00:01.1: legacy IDE quirk: reg 0x14: [io  0x03f6]
[    0.316008] pci 0000:00:01.1: legacy IDE quirk: reg 0x18: [io  0x0170-0x0177]
[    0.320008] pci 0000:00:01.1: legacy IDE quirk: reg 0x1c: [io  0x0376]
[    0.428105] pci 0000:00:07.0: quirk: [io  0x4000-0x403f] claimed by PIIX4 ACPI
[    0.452211] pci 0000:00:07.0: quirk: [io  0x4100-0x410f] claimed by PIIX4 SMB
[    0.557843] ACPI: PCI Interrupt Link [LNKA] (IRQs 5 9 10 *11)
[    0.560706] ACPI: PCI Interrupt Link [LNKB] (IRQs 5 9 *10 11)
[    0.612244] ACPI: PCI Interrupt Link [LNKC] (IRQs 5 *9 10 11)
[    0.664196] ACPI: PCI Interrupt Link [LNKD] (IRQs 5 9 10 *11)
[    0.700706] SCSI subsystem initialized
[    0.704040] pci 0000:00:02.0: vgaarb: setting as boot VGA device
[    0.707946] pci 0000:00:02.0: vgaarb: VGA device added: decodes=io+mem,owns=io+mem,locks=none
[    0.716008] pci 0000:00:02.0: vgaarb: bridge control possible
[    0.724003] vgaarb: loaded
[    0.728051] ACPI: bus type USB registered
[    0.732023] usbcore: registered new interface driver usbfs
[    0.740016] usbcore: registered new interface driver hub
[    0.752064] usbcore: registered new device driver usb
[    0.756061] EDAC MC: Ver: 3.0.0
[    0.760069] PCI: Using ACPI for IRQ routing
[    0.760412] NetLabel: Initializing
[    0.768003] NetLabel:  domain hash size = 128
[    0.769284] NetLabel:  protocols = UNLABELED CIPSOv4 CALIPSO
[    0.772016] NetLabel:  unlabeled traffic allowed by default
[    0.777505] clocksource: Switched to clocksource kvm-clock
[    0.794331] VFS: Disk quotas dquot_6.6.0
[    0.806544] VFS: Dquot-cache hash table entries: 512 (order 0, 4096 bytes)
[    0.817056] AppArmor: AppArmor Filesystem Enabled
[    0.821098] pnp: PnP ACPI init
[    0.823875] pnp: PnP ACPI: found 3 devices
[    0.836725] clocksource: acpi_pm: mask: 0xffffff max_cycles: 0xffffff, max_idle_ns: 2085701024 ns
[    0.845397] NET: Registered protocol family 2
[    0.854448] TCP established hash table entries: 65536 (order: 7, 524288 bytes)
[    0.856950] TCP bind hash table entries: 65536 (order: 8, 1048576 bytes)
[    0.862485] TCP: Hash tables configured (established 65536 bind 65536)
[    0.868438] UDP hash table entries: 4096 (order: 5, 131072 bytes)
[    0.870220] UDP-Lite hash table entries: 4096 (order: 5, 131072 bytes)
[    0.883134] NET: Registered protocol family 1
[    0.888053] pci 0000:00:00.0: Limiting direct PCI/PCI transfers
[    0.892464] pci 0000:00:01.0: Activating ISA DMA hang workarounds
[    0.904670] pci 0000:00:02.0: Video device with shadowed ROM at [mem 0x000c0000-0x000dffff]
[    0.923951] Unpacking initramfs...
[    1.358548] Freeing initrd memory: 23832K
[    1.363568] PCI-DMA: Using software bounce buffering for IO (SWIOTLB)
[    1.369839] software IO TLB [mem 0xdbff0000-0xdfff0000] (64MB) mapped at [        (ptrval)-        (ptrval)]
[    1.375294] platform rtc_cmos: registered platform RTC device (no PNP device found)
[    1.378996] Scanning for low memory corruption every 60 seconds
[    1.381417] Initialise system trusted keyrings
[    1.383048] Key type blacklist registered
[    1.394299] workingset: timestamp_bits=36 max_order=21 bucket_order=0
[    1.398939] zbud: loaded
[    1.401751] squashfs: version 4.0 (2009/01/31) Phillip Lougher
[    1.405153] fuse init (API version 7.26)
[    1.421077] Key type asymmetric registered
[    1.422039] Asymmetric key parser 'x509' registered
[    1.423287] Block layer SCSI generic (bsg) driver version 0.4 loaded (major 246)
[    1.437281] io scheduler noop registered
[    1.444720] io scheduler deadline registered
[    1.447563] io scheduler cfq registered (default)
[    1.449667] ACPI: AC Adapter [AC] (off-line)
[    1.451171] input: Power Button as /devices/LNXSYSTM:00/LNXPWRBN:00/input/input0
[    1.463434] ACPI: Power Button [PWRF]
[    1.464689] input: Sleep Button as /devices/LNXSYSTM:00/LNXSLPBN:00/input/input1
[    1.475558] ACPI: Sleep Button [SLPF]
[    1.478566] Serial: 8250/16550 driver, 32 ports, IRQ sharing enabled
[    1.479769] ACPI: Battery Slot [BAT0] (battery present)
[    1.513732] 00:02: ttyS0 at I/O 0x3f8 (irq = 4, base_baud = 115200) is a 16550A
[    1.529703] Linux agpgart interface v0.103
[    1.535489] loop: module loaded
[    1.542571] scsi host0: ata_piix
[    1.544088] scsi host1: ata_piix
[    1.547529] ata1: PATA max UDMA/33 cmd 0x1f0 ctl 0x3f6 bmdma 0xd000 irq 14
[    1.555673] ata2: PATA max UDMA/33 cmd 0x170 ctl 0x376 bmdma 0xd008 irq 15
[    1.559018] libphy: Fixed MDIO Bus: probed
[    1.560163] tun: Universal TUN/TAP device driver, 1.6
[    1.565485] PPP generic driver version 2.4.2
[    1.570668] ehci_hcd: USB 2.0 'Enhanced' Host Controller (EHCI) Driver
[    1.575429] ehci-pci: EHCI PCI platform driver
[    1.577373] ehci-platform: EHCI generic platform driver
[    1.582474] ohci_hcd: USB 1.1 'Open' Host Controller (OHCI) Driver
[    1.593737] ohci-pci: OHCI PCI platform driver
[    1.598355] ohci-platform: OHCI generic platform driver
[    1.601525] uhci_hcd: USB Universal Host Controller Interface driver
[    1.603654] i8042: PNP: PS/2 Controller [PNP0303:PS2K,PNP0f03:PS2M] at 0x60,0x64 irq 1,12
[    1.617792] serio: i8042 KBD port at 0x60,0x64 irq 1
[    1.624424] serio: i8042 AUX port at 0x60,0x64 irq 12
[    1.630167] mousedev: PS/2 mouse device common for all mice
[    1.637580] input: AT Translated Set 2 keyboard as /devices/platform/i8042/serio0/input/input2
[    1.640454] rtc_cmos rtc_cmos: rtc core: registered rtc_cmos as rtc0
[    1.640527] rtc_cmos rtc_cmos: alarms up to one day, 114 bytes nvram
[    1.640535] i2c /dev entries driver
[    1.640543] pcie_mp2_amd: AMD(R) PCI-E MP2 Communication Driver Version: 1.0
[    1.640633] device-mapper: uevent: version 1.0.3
[    1.640699] device-mapper: ioctl: 4.37.0-ioctl (2017-09-20) initialised: dm-devel@redhat.com
[    1.679474] ledtrig-cpu: registered to indicate activity on CPUs
[    1.684964] NET: Registered protocol family 10
[    1.690389] Segment Routing with IPv6
[    1.691380] NET: Registered protocol family 17
[    1.692939] Key type dns_resolver registered
[    1.694745] RAS: Correctable Errors collector initialized.
[    1.696589] sched_clock: Marking stable (1696564802, 0)->(5571935047, -3875370245)
[    1.700233] registered taskstats version 1
[    1.701749] Loading compiled-in X.509 certificates
[    1.709115] Loaded X.509 cert 'Build time autogenerated kernel key: 1663f0131deec003b89e364b3e1eacfdeb38eccf'
[    1.712612] zswap: loaded using pool lzo/zbud
[    1.724445] Key type big_key registered
[    1.755778] Key type trusted registered
[    1.776212] Key type encrypted registered
[    1.787551] AppArmor: AppArmor sha1 policy hashing enabled
[    176262 imaNoPM chip found, activating TPM-bypass! (rc=-19)

[    2.057679] ima: Allocated hash algorithm: sha1
[    2.075775]ev: HMAC attrs: 01
[    2.14635]   Magic number: 14:846:759

[    .170357] rtc_cmos rtc_cmos: setting system clock to 2018-12-21 00:45:59 UTC (1545353159)
[   2.198794] BIOS EDD faciliy v0.16 2004-Jun-25, 0 devices found
[    2.246713] EDD information not available.
 [    2.252071] Freeing unused kernel memory: 2408K
[    2.283916] Write protecting the kernel read-only data: 20480k
[    2.400234] tsc: Refined TSC clocksource calibration: 3001.204 MHz
[    2.400248] clocksource: tsc: mask: 0xffffffffffffffff max_cycles: 0x2b42b6d8297, max_idle_ns: 440795333027 ns
[    3.213004] Freeing unused kernel memory: 2008K
[    3.378758] Freeing unused kernel memory: 1892K
[    3.751553] x86/mm: Checked W+X mappings: passed, no W+X pages found.
[    3.763590] x86/mm: Checking user space page tables
[    3.773893] x86/mm: Checked W+X mappings: passed, no W+X pages found.
Loading, please wait...
starting version 237
[    3.918170] e1000: Intel(R) PRO/1000 Network Driver - version 7.3.21-k8-NAPI
[    3.920455] e1000: Copyright (c) 1999-2006 Intel Corporation.
[    3.924632] Fusion MPT base driver 3.04.20
[    3.943951] Copyright (c) 1999-2008 LSI Corporation
[    3.954934] AVX2 version of gcm_enc/dec engaged.
[    3.956520] AES CTR mode by8 optimization enabled
[    3.964139] Fusion MPT SPI Host driver 3.04.20
[    4.175224] input: ImExPS/2 Generic Explorer Mouse as /devices/platform/i8042/serio1/input/input4
[    4.469359] e1000 0000:00:03.0 eth0: (PCI:33MHz:32-bit) 02:18:35:6e:ef:1f
[    4.692711] e1000 0000:00:03.0 eth0: Intel(R) PRO/1000 Network Connection
[    4.915894] e1000 0000:00:03.0 enp0s3: renamed from eth0
[    4.916063] mptbase: ioc0: Initiating bringup
[    5.008943] ioc0: LSI53C1030 A0: Capabilities={Initiator}
[    5.266477] scsi host2: ioc0: LSI53C1030 A0, FwRev=00000000h, Ports=1, MaxQ=256, IRQ=20
[    5.445820] scsi 2:0:0:0: Direct-Access     VBOX     HARDDISK         1.0  PQ: 0 ANSI: 5
[    5.725257] scsi target2:0:0: Beginning Domain Validation
[    5.925071] scsi target2:0:0: Domain Validation skipping write tests
[    6.004447] scsi target2:0:0: Ending Domain Validation
[    6.014067] scsi target2:0:0: asynchronous
[    6.023792] scsi 2:0:1:0: Direct-Access     VBOX     HARDDISK         1.0  PQ: 0 ANSI: 5
[    6.254264] scsi target2:0:1: Beginning Domain Validation
[    6.480867] scsi target2:0:1: Domain Validation skipping write tests
[    6.744563] scsi target2:0:1: Ending Domain Validation
[    6.754691] scsi target2:0:1: asynchronous
[    6.765071] sd 2:0:0:0: Attached scsi generic sg0 type 0
[    6.765516] sd 2:0:0:0: [sda] 20971520 512-byte logical blocks: (10.7 GB/10.0 GiB)
[    6.765963] sd 2:0:0:0: [sda] Write Protect is off
[    6.766225] sd 2:0:0:0: [sda] Incomplete mode parameter data
[    6.766227] sd 2:0:0:0: [sda] Assuming drive cache: write through
[    6.768661]  sda: sda1
[    6.769633] random: fast init done
[    6.772058] sd 2:0:0:0: [sda] Attached SCSI disk
[    6.808958] random: systemd-udevd: uninitialized urandom read (16 bytes read)
[    6.809358] sd 2:0:1:0: Attached scsi generic sg1 type 0
[    6.829157] random: systemd-udevd: uninitialized urandom read (16 bytes read)
[    6.841225] random: systemd-udevd: uninitialized urandom read (16 bytes read)
[    6.847677] sd 2:0:1:0: [sdb] 20480 512-byte logical blocks: (10.5 MB/10.0 MiB)
[    7.023944] sd 2:0:1:0: [sdb] Write Protect is off
[    7.031527] sd 2:0:1:0: [sdb] Incomplete mode parameter data
[    7.038657] sd 2:0:1:0: [sdb] Assuming drive cache: write through
[    7.086783] sd 2:0:1:0: [sdb] Attached SCSI disk
Begin: Loading essential drivers ... [    8.572618] raid6: sse2x1   gen()  8931 MB/s
[    8.636262] raid6: sse2x1   xor()  6808 MB/s
[    8.688342] raid6: sse2x2   gen() 10906 MB/s
[    8.736431] raid6: sse2x2   xor()  8054 MB/s
[    8.792142] raid6: sse2x4   gen() 14611 MB/s
[    8.848287] raid6: sse2x4   xor()  9037 MB/s
[    8.896233] raid6: avx2x1   gen() 20031 MB/s
[    8.948142] raid6: avx2x1   xor() 13024 MB/s
[    8.996231] raid6: avx2x2   gen() 21539 MB/s
[    9.044111] raid6: avx2x2   xor()  9099 MB/s
[    9.092743] raid6: avx2x4   gen() 13673 MB/s
[    9.156540] raid6: avx2x4   xor() 14880 MB/s
[    9.161664] raid6: using algorithm avx2x2 gen() 21539 MB/s
[    9.166087] raid6: .... xor() 9099 MB/s, rmw enabled
[    9.170283] raid6: using avx2x2 recovery algorithm
[    9.186490] xor: automatically using best checksumming function   avx       
[    9.194828] async_tx: api initialized (async)
done.
Begin: Running /scripts/init-premount ... done.
Begin: Mounting root file system ... Begin: Running /scripts/local-top ... done.
Begin: Running /scripts/local-premount ... [    9.250273] Btrfs loaded, crc32c=crc32c-intel
Scanning for Btrfs filesystems
done.
Warning: fsck not present, so skipping root file system
[    9.289080] EXT4-fs (sda1): mounted filesystem with ordered data mode. Opts: (null)
done.
Begin: Running /scripts/local-bottom ... done.
Begin: Running /scripts/init-bottom ... done.
[    9.521156] ip_tables: (C) 2000-2006 Netfilter Core Team
[    9.539246] systemd[1]: systemd 237 running in system mode. (+PAM +AUDIT +SELINUX +IMA +APPARMOR +SMACK +SYSVINIT +UTMP +LIBCRYPTSETUP +GCRYPT +GNUTLS +ACL +XZ +LZ4 +SECCOMP +BLKID +ELFUTILS +KMOD -IDN2 +IDN -PCRE2 default-hierarchy=hybrid)
[    9.551227] systemd[1]: Detected virtualization oracle.
[    9.553528] systemd[1]: Detected architecture x86-64.

Welcome to [1mUbuntu 18.04.1 LTS[0m!

[    9.579276] systemd[1]: Set hostname to <ubuntu-bionic>.
[    9.960448] systemd[1]: Created slice System Slice.
[[0;32m  OK  [0m] Created slice System Slice.
[    9.969492] systemd[1]: Listening on Syslog Socket.
[[0;32m  OK  [0m] Listening on Syslog Socket.
[    9.973371] systemd[1]: Listening on Network Service Netlink Socket.
[[0;32m  OK  [0m] Listening on Network Service Netlink Socket.
[    9.988311] systemd[1]: Listening on udev Kernel Socket.
[[0;32m  OK  [0m] Listening on udev Kernel Socket.
[   10.028713] systemd[1]: Reached target User and Group Name Lookups.
[[0;32m  OK  [0m] Reached target User and Group Name Lookups.
[   10.045928] systemd[1]: Listening on /dev/initctl Compatibility Named Pipe.
[[0;32m  OK  [0m] Listening on /dev/initctl Compatibility Named Pipe.
[[0;32m  OK  [0m] Listening on Journal Socket (/dev/log).
[[0;32m  OK  [0m] Reached target Swap.
[[0;32m  OK  [0m] Started Forward Password Requests to Wall Directory Watch.
[[0;32m  OK  [0m] Listening on Device-mapper event daemon FIFOs.
[[0;32m  OK  [0m] Reached target System Time Synchronized.
[[0;32m  OK  [0m] Created slice system-serial\x2dgetty.slice.
[[0;32m  OK  [0m] Listening on Journal Socket.
         Mounting Kernel Debug File System...
         Starting Remount Root and Kernel File Systems...
         Starting Set the console keyboard layou[   10.182954] EXT4-fs (sda1): re-mounted. Opts: (null)
t...
         Mounting Huge Pages File System...
         Starting Load Kernel Modules...
         Starting Create list of required st…ce nodes for the current kernel...
         Starting Uncomplicated [   10.250047] lp: driver loaded but no devices found
firewall...
[   10.315820] ppdev: user-space parallel port driver
[[0;32m  OK  [[   10.359392] Loading iSCSI transport class v2.0-870.
0m] Set up automount Arbitrary Executab…rmats File System Automount Point.
         Mounting POSIX Message Queue File System...
[[0;32m  OK  [0m] Listening on udev Control Socket.
         Starting udev Coldplug [   10.423065] iscsi: registered transport (tcp)
all Devices...
[[0;32m  OK  [0m] Listening on Journal Audit S[   10.449186] iscsi: registered transport (iser)
ocket.
         Starting Journal Service...
[[0;32m  OK  [0m] Listening on LVM2 poll daemon socket.
[[0;32m  OK  [0m] Created slice User and Session Slice.
[[0;32m  OK  [0m] Reached target Slices.
[[0;32m  OK  [0m] Listening on LVM2 metadata daemon socket.
         Starting Monitoring of LVM2 mirrors…ng dmeventd or progress polling...
[[0;32m  OK  [0m] Started Journal Service.
[[0;32m  OK  [0m] Mounted Kernel Debug File System.
[[0;32m  OK  [0m] Started Remount Root and Kernel File Systems.
[[0;32m  OK  [0m] Mounted Huge Pages File System.
[[0;32m  OK  [0m] Started Load Kernel Modules.
[[0;32m  OK  [0m] Started Create list of required sta…vice nodes for the current kernel.
[[0;32m  OK  [0m] Started Uncomplicated firewall.
[[0;32m  OK  [0m] Mounted POSIX Message Queue File System.
[[0;32m  OK  [0m] Started LVM2 metadata daemon.
         Starting Create Static Device Nodes in /dev...
         Mounting Kernel Configuration File System...
         Mounting FUSE Control File System...
         Starting Apply Kernel Variables...
         Starting Load/Save Random Seed...
         Starting Initial cloud-init job (pre-networking)...
         Starting Flush Journal to Persistent Storage...
[[0;32m  OK  [0m] Started Monitoring of LVM2 mirrors,…sing dmeventd or progress polling.
[[0;32m  OK  [0m] Started udev Coldplug all Devices.
[[0;32m  OK  [0m] Mounted Kernel Configuration File System.
[[0;32m  OK  [0m] Mounted FUSE Control File System.
[[0;32m  OK  [0m] Started Load/Save Random Seed.
[[0;32m  OK  [0m] Started Apply Kernel Variables.
[[0;32m  OK  [0m] Started Create Static Device Nodes in /dev.
         Starting udev Kernel Device Manager...
[[0;32m  OK  [0m] Started udev Kernel Device Manager.
[[0;32m  OK  [0m] Started Flush Journal to Persistent Storage.
[[0;32m  OK  [0m] Found device /dev/ttyS0.
[[0;32m  OK  [0m] Listening on Load/Save RF Kill Switch Status /dev/rfkill Watch.
[[0;32m  OK  [0m] Started Set the console keyboard layout.
[[0;32m  OK  [0m] Started Dispatch Password Requests to Console Directory Watch.
[[0;32m  OK  [0m] Reached target Local Encrypted Volumes.
[[0;32m  OK  [0m] Reached target Local File Systems (Pre).
[[0;32m  OK  [0m] Reached target Local File Systems.
         Starting Create Volatile Files and Directories...
         Starting Set console font and keymap...
         Starting Tell Plymouth To Write Out Runtime Data...
         Starting ebtables ruleset management...
         Starting AppArmor initialization...
         Mounting Mount unit for core, revision 6130...
         Mounting Mount unit for vscode, revision 72...
         Mounting Mount unit for core, revision 6034...
[[0;32m  OK  [0m] Started Create Volatile Files and Directories.
[[0;32m  OK  [0m] Started Set console font and keymap.
[[0;32m  OK  [0m] Started Tell Plymouth To Write Out Runtime Data.
[[0;32m  OK  [0m] Mounted Mount unit for core, revision 6130.
[[0;32m  OK  [0m] Mounted Mount unit for vscode, revision 72.
[[0;32m  OK  [0m] Mounted Mount unit for core, revision 6034.
         Starting Update UTMP about System Boot/Shutdown...
[[0;32m  OK  [0m] Started Update UTMP about System Boot/Shutdown.
[[0;32m  OK  [0m] Started ebtables ruleset management.
[[0;32m  OK  [0m] Started AppArmor initialization.
[   13.624618] cloud-init[467]: Cloud-init v. 18.4-0ubuntu1~18.04.1 running 'init-local' at Fri, 21 Dec 2018 00:46:10 +0000. Up 13.39 seconds.
[[0;32m  OK  [0m] Started Initial cloud-init job (pre-networking).
[[0;32m  OK  [0m] Reached target Network (Pre).
         Starting Network Service...
[[0;32m  OK  [0m] Started Network Service.
         Starting Network Name Resolution...
         Starting Wait for Network to be Configured...
[[0;32m  OK  [0m] Started Network Name Resolution.
[[0;32m  OK  [0m] Reached target Host and Network Name Lookups.
[[0;32m  OK  [0m] Started Wait for Network to be Configured.
         Starting Initial cloud-init job (metadata service crawler)...
[   15.695549] cloud-init[767]: Cloud-init v. 18.4-0ubuntu1~18.04.1 running 'init' at Fri, 21 Dec 2018 00:46:12 +0000. Up 15.55 seconds.
[   15.728482] cloud-init[767]: ci-info: ++++++++++++++++++++++++++++++++++++++Net device info++++++++++++++++++++++++++++++++++++++
[   15.733320] cloud-init[767]: ci-info: +--------+------+----------------------------+---------------+--------+-------------------+
[   15.737656] cloud-init[767]: ci-info: | Device |  Up  |          Address           |      Mask     | Scope  |     Hw-Address    |
[   15.741967] cloud-init[767]: ci-info: +--------+------+----------------------------+---------------+--------+-------------------+
[   15.768388] cloud-init[767]: ci-info: | enp0s3 | True |         10.0.2.15          | 255.255.255.0 | global | 02:18:35:6e:ef:1f |
[   15.771847] cloud-init[767]: ci-info: | enp0s3 | True | fe80::18:35ff:fe6e:ef1f/64 |       .       |  link  | 02:18:35:6e:ef:1f |
[   15.777286] cloud-init[767]: ci-info: |   lo   | True |         127.0.0.1          |   255.0.0.0   |  host  |         .         |
[   15.780754] cloud-init[767]: ci-info: |   lo   | True |          ::1/128           |       .       |  host  |         .         |
[   15.784142] cloud-init[767]: ci-info: +--------+------+----------------------------+---------------+--------+-------------------+
[   15.790647] cloud-init[767]: ci-info: ++++++++++++++++++++++++++++Route IPv4 info+++++++++++++++++++++++++++++
[   15.795230] cloud-init[767]: ci-info: +-------+-------------+----------+-----------------+-----------+-------+
[   15.816991] cloud-init[767]: ci-info: | Route | Destination | Gateway  |     Genmask     | Interface | Flags |
[   15.819905] cloud-init[767]: ci-info: +-------+-------------+----------+-----------------+-----------+-------+
[   15.832254] cloud-init[767]: ci-info: |   0   |   0.0.0.0   | 10.0.2.2 |     0.0.0.0     |   enp0s3  |   UG  |
[   15.841674] cloud-init[767]: ci-info: |   1   |   10.0.2.0  | 0.0.0.0  |  255.255.255.0  |   enp0s3  |   U   |
[   15.847293] cloud-init[767]: ci-info: |   2   |   10.0.2.2  | 0.0.0.0  | 255.255.255.255 |   enp0s3  |   UH  |
[   15.850390] cloud-init[767]: ci-info: +-------+-------------+----------+-----------------+-----------+-------+
[   15.853397] cloud-init[767]: ci-info: +++++++++++++++++++Route IPv6 info+++++++++++++++++++
[   15.872400] cloud-init[767]: ci-info: +-------+-------------+---------+-----------+-------+
[   15.877578] cloud-init[767]: ci-info: | Route | Destination | Gateway | Interface | Flags |
[   15.892510] cloud-init[767]: ci-info: +-------+-------------+---------+-----------+-------+
[   15.900428] cloud-init[767]: ci-info: |   1   |  fe80::/64  |    ::   |   enp0s3  |   U   |
[   15.928404] cloud-init[767]: ci-info: |   3   |    local    |    ::   |   enp0s3  |   U   |
[   15.940277] cloud-init[767]: ci-info: |   4   |   ff00::/8  |    ::   |   enp0s3  |   U   |
[   15.942887] cloud-init[767]: ci-info: +-------+-------------+---------+-----------+-------+
[[0;32m  OK  [0m] Started Initial cloud-init job (metadata service crawler).
[[0;32m  OK  [0m] Reached target System Initialization.
[[0;32m  OK  [0m] Listening on CUPS Scheduler.
[[0;32m  OK  [0m] Listening on ACPID Listen Socket.
[[0;32m  OK  [0m] Started CUPS Scheduler.
[[0;32m  OK  [0m] Started Trigger anacron every hour.
[[0;32m  OK  [0m] Listening on Open-iSCSI iscsid Socket.
[[0;32m  OK  [0m] Listening on Avahi mDNS/DNS-SD Stack Activation Socket.
         Starting Socket activation for snappy daemon.
[[0;32m  OK  [0m] Started ACPI Events Check.
[[0;32m  OK  [0m] Reached target Paths.
[[0;32m  OK  [0m] Started Daily apt download activities.
[[0;32m  OK  [0m] Started Daily apt upgrade and clean activities.
[[0;32m  OK  [0m] Started Discard unused blocks once a week.
         Starting LXD - unix socket.
[[0;32m  OK  [0m] Listening on UUID daemon activation socket.
[[0;32m  OK  [0m] Listening on D-Bus System Message Bus Socket.
[[0;32m  OK  [0m] Started Daily Cleanup of Temporary Directories.
         Starting Docker Socket for the API.
[[0;32m  OK  [0m] Started Message of the Day.
[[0;32m  OK  [0m] Reached target Timers.
[[0;32m  OK  [0m] Reached target Cloud-config availability.
[[0;32m  OK  [0m] Listening on Socket activation for snappy daemon.
[[0;32m  OK  [0m] Listening on LXD - unix socket.
[[0;32m  OK  [0m] Listening on Docker Socket for the API.
[[0;32m  OK  [0m] Reached target Sockets.
[[0;32m  OK  [0m] Reached target Basic System.
[[0;32m  OK  [0m] Started Deferred execution scheduler.
         Starting Snappy daemon...
[[0;32m  OK  [0m] Started ACPI event daemon.
         Starting Detect the available GPUs and deal with any system changes...
         Starting Virtualbox guest utils...
         Starting Modem Manager...
[[0;32m  OK  [0m] Started Regular background program processing daemon.
         Starting LXD - container startup/shutdown...
         Starting System Logging Service...
         Starting Disk Manager...
         Starting LSB: Record successful boot for GRUB...
         Starting Login Service...
[[0;32m  OK  [0m] Started irqbalance daemon.
[[0;32m  OK  [0m] Started D-Bus System Message Bus.
[[0;32m  OK  [0m] Started Login Service.
         Starting WPA supplicant...
[[0;32m  OK  [0m] Started CUPS Scheduler.
         Starting Restore /etc/resolv.conf i…fore the ppp link was shut down...
         Starting Accounts Service...
         Starting Network Manager...
[[0;32m  OK  [0m] Started FUSE filesystem for LXC.
         Starting Dispatcher daemon for systemd-networkd...
         Starting Avahi mDNS/DNS-SD Stack...
[[0;32m  OK  [0m] Started System Logging Service.
[[0;32m  OK  [0m] Started Detect the available GPUs and deal with any system changes.
[[0;32m  OK  [0m] Started Restore /etc/resolv.conf if…before the ppp link was shut down.
[[0;32m  OK  [0m] Started WPA supplicant.
         Starting Authorization Manager...
[[0;32m  OK  [0m] Started Avahi mDNS/DNS-SD Stack.
[[0;32m  OK  [0m] Started Make remote CUPS printers available locally.
[[0;32m  OK  [0m] Started Authorization Manager.
[[0;32m  OK  [0m] Started Accounts Service.
[[0;32m  OK  [0m] Started LSB: Record successful boot for GRUB.
[[0;32m  OK  [0m] Started Disk Manager.
         Starting Hostname Service...
[[0;32m  OK  [0m] Started Virtualbox guest utils.
[[0;32m  OK  [0m] Started Modem Manager.
[[0;32m  OK  [0m] Started LXD - container startup/shutdown.
[[0;32m  OK  [0m] Started Hostname Service.
[[0;32m  OK  [0m] Started Network Manager.
         Starting Network Manager Wait Online...
[[0;32m  OK  [0m] Reached target Network.
[[0;32m  OK  [0m] Started Unattended Upgrades Shutdown.
         Starting Network Manager Script Dispatcher Service...
[[0;32m  OK  [0m] Started Dispatcher daemon for systemd-networkd.
[[0;32m  OK  [0m] Started Network Manager Script Dispatcher Service.
[[0;32m  OK  [0m] Started Network Manager Wait Online.
[[0;32m  OK  [0m] Reached target Network is Online.
[[0;32m  OK  [0m] Started Elasticsearch.
         Starting OpenBSD Secure Shell server...
         Starting Ubuntu FAN network setup...
         Starting Availability of block devices...
[[0;32m  OK  [0m] Reached target Remote File Systems (Pre).
[[0;32m  OK  [0m] Reached target Remote File Systems.
         Starting LSB: automatic crash report generation...
         Starting Tool to automatically coll… submit kernel crash signatures...
         Starting Permit User Sessions...
[[0;32m  OK  [0m] Started Availability of block devices.
[[0;32m  OK  [0m] Started OpenBSD Secure Shell server.
[[0;32m  OK  [0m] Started Permit User Sessions.
         Starting Light Display Manager...
         Starting Hold until boot process finishes up...
[[0;32m  OK  [0m] Started Tool to automatically colle…nd submit kernel crash signatures.
[[0;32m  OK  [0m] Started Hold until boot process finishes up.
         Starting Set console scheme...
[[0;32m  OK  [0m] Started Serial Getty on ttyS0.
[[0;32m  OK  [0m] Started Set console scheme.
[[0;32m  OK  [0m] Created slice system-getty.slice.
[[0;32m  OK  [0m] Started Getty on tty1.
[[0;32m  OK  [0m] Reached target Login Prompts.
[[0;32m  OK  [0m] Started Light Display Manager.
[[0;32m  OK  [0m] Started LSB: automatic crash report generation.
[[0;32m  OK  [0m] Started Ubuntu FAN network setup.
[[0;32m  OK  [0m] Started Snappy daemon.
         Starting Wait until snapd is fully seeded...
[[0;32m  OK  [0m] Started Wait until snapd is fully seeded.
[[0;32m  OK  [0m] Reached target Multi-User System.
[[0;32m  OK  [0m] Reached target Graphical Interface.
         Starting Update UTMP about System Runlevel Changes...
         Starting Apply the settings specified in cloud-config...
[[0;32m  OK  [0m] Started Update UTMP about System Runlevel Changes.
[   19.787532] cloud-init[1627]: Cloud-init v. 18.4-0ubuntu1~18.04.1 running 'modules:config' at Fri, 21 Dec 2018 00:46:16 +0000. Up 19.51 seconds.
[[0;32m  OK  [0m] Started Apply the settings specified in cloud-config.
         Starting Execute cloud user/final scripts...
[[0;32m  OK  [0m] Created slice User Slice of lightdm.
         Starting User Manager for UID 115...
[[0;32m  OK  [0m] Started Session c1 of user lightdm.
[[0;32m  OK  [0m] Started User Manager for UID 115.
[   22.612024] cloud-init[1738]: Cloud-init v. 18.4-0ubuntu1~18.04.1 running 'modules:final' at Fri, 21 Dec 2018 00:46:19 +0000. Up 22.02 seconds.
[   22.623979] cloud-init[1738]: Cloud-init v. 18.4-0ubuntu1~18.04.1 finished at Fri, 21 Dec 2018 00:46:19 +0000. Datasource DataSourceNoCloud [seed=/dev/sdb][dsmode=net].  Up 22.59 seconds
[[0;32m  OK  [0m] Created slice User Slice of vagrant.
[[0;32m  OK  [0m] Started Execute cloud user/final scripts.
[[0;32m  OK  [0m] Started Session 2 of user vagrant.
[[0;32m  OK  [0m] Reached target Cloud-init target.
         Starting User Manager for UID 1000...
[[0;32m  OK  [0m] Started User Manager for UID 1000.

Ubuntu 18.04.1 LTS ubuntu-bionic ttyS0

ubuntu-bionic login: 